c:\users\lovito99\source\repos\apptienda\apptienda\x64\debug\vc143.pdb
c:\users\lovito99\source\repos\apptienda\apptienda\x64\debug\.netframework,version=v4.7.2.assemblyattributes.obj
c:\users\lovito99\source\repos\apptienda\apptienda\x64\debug\menuformulario.obj
c:\users\lovito99\source\repos\apptienda\apptienda\x64\debug\inicioformulario.obj
c:\users\lovito99\source\repos\apptienda\apptienda\x64\debug\formularioventas.obj
c:\users\lovito99\source\repos\apptienda\apptienda\x64\debug\formularioproductos.obj
c:\users\lovito99\source\repos\apptienda\apptienda\x64\debug\clientesformulario.obj
c:\users\lovito99\source\repos\apptienda\x64\debug\apptienda.exe
c:\users\lovito99\source\repos\apptienda\x64\debug\apptienda.pdb
c:\users\lovito99\source\repos\apptienda\apptienda\x64\debug\apptienda.tlog\cl.command.1.tlog
c:\users\lovito99\source\repos\apptienda\apptienda\x64\debug\apptienda.tlog\cl.items.tlog
c:\users\lovito99\source\repos\apptienda\apptienda\x64\debug\apptienda.tlog\cl.read.1.tlog
c:\users\lovito99\source\repos\apptienda\apptienda\x64\debug\apptienda.tlog\cl.write.1.tlog
c:\users\lovito99\source\repos\apptienda\apptienda\x64\debug\apptienda.tlog\link.command.1.tlog
c:\users\lovito99\source\repos\apptienda\apptienda\x64\debug\apptienda.tlog\link.read.1.tlog
c:\users\lovito99\source\repos\apptienda\apptienda\x64\debug\apptienda.tlog\link.secondary.1.tlog
c:\users\lovito99\source\repos\apptienda\apptienda\x64\debug\apptienda.tlog\link.write.1.tlog
c:\users\lovito99\source\repos\apptienda\apptienda\x64\debug\apptienda.tlog\metagen.read.1.tlog
c:\users\lovito99\source\repos\apptienda\apptienda\x64\debug\apptienda.tlog\metagen.write.1.tlog
c:\users\lovito99\source\repos\apptienda\apptienda\x64\debug\apptienda.tlog\resgen.command.1.tlog
c:\users\lovito99\source\repos\apptienda\apptienda\x64\debug\apptienda.tlog\resgen.read.1.tlog
c:\users\lovito99\source\repos\apptienda\apptienda\x64\debug\apptienda.tlog\resgen.write.1.tlog
